<?xml version="1.0" encoding="UTF-8"?>
<!-- Generated by org.testng.reporters.JUnitXMLReporter -->
<testsuite hostname="PPD-02020002" name="test" tests="5" failures="0" timestamp="16 Mar 2017 03:26:25 GMT" time="0.023" errors="0">
  <testcase name="parameter" time="0.009" classname="AutomaticTest.ccdai.IMsgCenterService"/>
  <testcase name="creatDataList1" time="0.001" classname="DataProviderTest.DataProviderTestCase"/>
  <testcase name="creatDataList1" time="0.0" classname="DataProviderTest.DataProviderTestCase"/>
  <testcase name="testDataDP1" time="0.0" classname="DataProviderTest.DataProviderTestCase"/>
  <testcase name="testDataDP1" time="0.0" classname="DataProviderTest.DataProviderTestCase"/>
</testsuite> <!-- test -->
