<?xml version="1.0" encoding="UTF-8"?>
<testsuite name="test"
           tests="3"
           failures="1"
           errors="0"
           skipped="0"
           time="0.001">
  <properties />
            <testcase name="testDataDP1" time="0.000" classname="DataProviderTest.DataProviderTestCase">
                <failure type="org.testng.TestNGException"
                  message="
The data provider is trying to pass 2 parameters but the method DataProviderTest.DataProviderTestCase#testDataDP1 takes 1"
              >
<![CDATA[org.testng.TestNGException: 
The data provider is trying to pass 2 parameters but the method DataProviderTest.DataProviderTestCase#testDataDP1 takes 1
  org.testng.internal.Invoker.injectParameters(Invoker.java:1225)
  org.testng.internal.Invoker.invokeTestMethods(Invoker.java:1118)
  org.testng.internal.TestMethodWorker.invokeTestMethods(TestMethodWorker.java:125)
  org.testng.internal.TestMethodWorker.run(TestMethodWorker.java:108)
  org.testng.TestRunner.privateRun(TestRunner.java:774)
  org.testng.TestRunner.run(TestRunner.java:624)
  org.testng.SuiteRunner.runTest(SuiteRunner.java:359)
  org.testng.SuiteRunner.runSequentially(SuiteRunner.java:354)
  org.testng.SuiteRunner.privateRun(SuiteRunner.java:312)
  org.testng.SuiteRunner.run(SuiteRunner.java:261)
  org.testng.SuiteRunnerWorker.runSuite(SuiteRunnerWorker.java:52)
  org.testng.SuiteRunnerWorker.run(SuiteRunnerWorker.java:86)
  org.testng.TestNG.runSuitesSequentially(TestNG.java:1215)
  org.testng.TestNG.runSuitesLocally(TestNG.java:1140)
  org.testng.TestNG.run(TestNG.java:1048)
  org.testng.IDEARemoteTestNG.run(IDEARemoteTestNG.java:74)
  org.testng.RemoteTestNGStarter.main(RemoteTestNGStarter.java:121)
  sun.reflect.NativeMethodAccessorImpl.invoke0(Native Method)
  sun.reflect.NativeMethodAccessorImpl.invoke(NativeMethodAccessorImpl.java:62)
  sun.reflect.DelegatingMethodAccessorImpl.invoke(DelegatingMethodAccessorImpl.java:43)
  java.lang.reflect.Method.invoke(Method.java:498)
  com.intellij.rt.execution.application.AppMain.main(AppMain.java:144)
]]>
      </failure>

          </testcase>
  
  
            <testcase name="creatDataList1" time="0.000" classname="DataProviderTest.DataProviderTestCase" />
                <testcase name="creatDataList1" time="0.001" classname="DataProviderTest.DataProviderTestCase" />
      
</testsuite>
